Started GET "/" for ::1 at 2022-05-19 14:37:15 -0700
  [1m[35m (19.7ms)[0m  [1m[34mSELECT sqlite_version(*)[0m
Processing by Rails::WelcomeController#index as HTML
  Rendering /home/tucker/.rbenv/versions/3.1.2/lib/ruby/gems/3.1.0/gems/railties-7.0.3/lib/rails/templates/rails/welcome/index.html.erb
  Rendered /home/tucker/.rbenv/versions/3.1.2/lib/ruby/gems/3.1.0/gems/railties-7.0.3/lib/rails/templates/rails/welcome/index.html.erb (Duration: 25.8ms | Allocations: 634)
Completed 200 OK in 132ms (Views: 59.9ms | ActiveRecord: 0.0ms | Allocations: 4916)


Started GET "/" for ::1 at 2022-05-19 14:46:11 -0700
  [1m[35m (0.6ms)[0m  [1m[34mSELECT sqlite_version(*)[0m
Processing by Rails::WelcomeController#index as HTML
  Rendering /home/tucker/.rbenv/versions/3.1.2/lib/ruby/gems/3.1.0/gems/railties-7.0.3/lib/rails/templates/rails/welcome/index.html.erb
  Rendered /home/tucker/.rbenv/versions/3.1.2/lib/ruby/gems/3.1.0/gems/railties-7.0.3/lib/rails/templates/rails/welcome/index.html.erb (Duration: 1.3ms | Allocations: 527)
Completed 200 OK in 11ms (Views: 3.6ms | ActiveRecord: 0.0ms | Allocations: 3601)


Started GET "/index" for ::1 at 2022-05-19 14:46:17 -0700
Processing by IndexController#index as HTML
  Rendering layout layouts/application.html.erb
  Rendering index/index.html.erb within layouts/application
  Rendered index/index.html.erb within layouts/application (Duration: 0.5ms | Allocations: 151)
  Rendered layout layouts/application.html.erb (Duration: 502.8ms | Allocations: 89707)
Completed 200 OK in 506ms (Views: 504.6ms | ActiveRecord: 0.0ms | Allocations: 90758)


Started GET "/" for ::1 at 2022-05-21 13:22:28 -0700
  [1m[35m (6.6ms)[0m  [1m[34mSELECT sqlite_version(*)[0m
Processing by Rails::WelcomeController#index as HTML
  Rendering /home/tucker/.rbenv/versions/3.1.2/lib/ruby/gems/3.1.0/gems/railties-7.0.3/lib/rails/templates/rails/welcome/index.html.erb
  Rendered /home/tucker/.rbenv/versions/3.1.2/lib/ruby/gems/3.1.0/gems/railties-7.0.3/lib/rails/templates/rails/welcome/index.html.erb (Duration: 19.2ms | Allocations: 634)
Completed 200 OK in 86ms (Views: 43.0ms | ActiveRecord: 0.0ms | Allocations: 4930)


Started GET "/index" for ::1 at 2022-05-21 13:22:32 -0700
Processing by IndexController#index as HTML
  Rendering layout layouts/application.html.erb
  Rendering index/index.html.erb within layouts/application
  Rendered index/index.html.erb within layouts/application (Duration: 5.2ms | Allocations: 151)
  Rendered layout layouts/application.html.erb (Duration: 326.2ms | Allocations: 47901)
Completed 200 OK in 329ms (Views: 327.9ms | ActiveRecord: 0.0ms | Allocations: 48952)


Started GET "/" for ::1 at 2022-05-21 13:29:27 -0700
  [1m[35m (0.6ms)[0m  [1m[34mSELECT sqlite_version(*)[0m
Processing by Rails::WelcomeController#index as HTML
  Rendering /home/tucker/.rbenv/versions/3.1.2/lib/ruby/gems/3.1.0/gems/railties-7.0.3/lib/rails/templates/rails/welcome/index.html.erb
  Rendered /home/tucker/.rbenv/versions/3.1.2/lib/ruby/gems/3.1.0/gems/railties-7.0.3/lib/rails/templates/rails/welcome/index.html.erb (Duration: 1.5ms | Allocations: 527)
Completed 200 OK in 11ms (Views: 4.9ms | ActiveRecord: 0.0ms | Allocations: 3600)


Started GET "/index" for ::1 at 2022-05-21 13:29:33 -0700
Processing by IndexController#index as HTML
  Rendering layout layouts/application.html.erb
  Rendering index/index.html.erb within layouts/application
  Rendered /home/tucker/.rbenv/versions/3.1.2/lib/ruby/gems/3.1.0/gems/simple_calendar-2.4.3/app/views/simple_calendar/_month_calendar.html.erb (Duration: 54.7ms | Allocations: 11332)
  Rendered index/index.html.erb within layouts/application (Duration: 58.9ms | Allocations: 12154)
  Rendered layout layouts/application.html.erb (Duration: 461.8ms | Allocations: 107336)
Completed 200 OK in 465ms (Views: 463.6ms | ActiveRecord: 0.0ms | Allocations: 108405)


Started GET "/index?start_date=2022-04-24" for ::1 at 2022-05-21 13:29:40 -0700
Processing by IndexController#index as HTML
  Parameters: {"start_date"=>"2022-04-24"}
  Rendering layout layouts/application.html.erb
  Rendering index/index.html.erb within layouts/application
  Rendered /home/tucker/.rbenv/versions/3.1.2/lib/ruby/gems/3.1.0/gems/simple_calendar-2.4.3/app/views/simple_calendar/_month_calendar.html.erb (Duration: 4.9ms | Allocations: 8595)
  Rendered index/index.html.erb within layouts/application (Duration: 12.2ms | Allocations: 8919)
  Rendered layout layouts/application.html.erb (Duration: 17.9ms | Allocations: 11355)
Completed 200 OK in 19ms (Views: 18.3ms | ActiveRecord: 0.0ms | Allocations: 11652)


Started GET "/index?start_date=2022-05-02" for ::1 at 2022-05-21 13:29:41 -0700
Processing by IndexController#index as HTML
  Parameters: {"start_date"=>"2022-05-02"}
  Rendering layout layouts/application.html.erb
  Rendering index/index.html.erb within layouts/application
  Rendered /home/tucker/.rbenv/versions/3.1.2/lib/ruby/gems/3.1.0/gems/simple_calendar-2.4.3/app/views/simple_calendar/_month_calendar.html.erb (Duration: 5.5ms | Allocations: 10567)
  Rendered index/index.html.erb within layouts/application (Duration: 6.4ms | Allocations: 10880)
  Rendered layout layouts/application.html.erb (Duration: 11.1ms | Allocations: 13323)
Completed 200 OK in 12ms (Views: 11.6ms | ActiveRecord: 0.0ms | Allocations: 13599)


Started GET "/index?start_date=2022-06-06" for ::1 at 2022-05-21 13:29:41 -0700
Processing by IndexController#index as HTML
  Parameters: {"start_date"=>"2022-06-06"}
  Rendering layout layouts/application.html.erb
  Rendering index/index.html.erb within layouts/application
  Rendered /home/tucker/.rbenv/versions/3.1.2/lib/ruby/gems/3.1.0/gems/simple_calendar-2.4.3/app/views/simple_calendar/_month_calendar.html.erb (Duration: 4.4ms | Allocations: 8598)
  Rendered index/index.html.erb within layouts/application (Duration: 5.2ms | Allocations: 8904)
  Rendered layout layouts/application.html.erb (Duration: 9.7ms | Allocations: 11371)
Completed 200 OK in 11ms (Views: 10.1ms | ActiveRecord: 0.0ms | Allocations: 11647)


Started GET "/index?start_date=2022-05-29" for ::1 at 2022-05-21 13:29:42 -0700
Processing by IndexController#index as HTML
  Parameters: {"start_date"=>"2022-05-29"}
  Rendering layout layouts/application.html.erb
  Rendering index/index.html.erb within layouts/application
  Rendered /home/tucker/.rbenv/versions/3.1.2/lib/ruby/gems/3.1.0/gems/simple_calendar-2.4.3/app/views/simple_calendar/_month_calendar.html.erb (Duration: 5.8ms | Allocations: 10559)
  Rendered index/index.html.erb within layouts/application (Duration: 6.8ms | Allocations: 10872)
  Rendered layout layouts/application.html.erb (Duration: 11.5ms | Allocations: 13329)
Completed 200 OK in 13ms (Views: 12.2ms | ActiveRecord: 0.0ms | Allocations: 13601)


Started GET "/index?start_date=2022-04-24" for ::1 at 2022-05-21 13:29:42 -0700
Processing by IndexController#index as HTML
  Parameters: {"start_date"=>"2022-04-24"}
  Rendering layout layouts/application.html.erb
  Rendering index/index.html.erb within layouts/application
  Rendered /home/tucker/.rbenv/versions/3.1.2/lib/ruby/gems/3.1.0/gems/simple_calendar-2.4.3/app/views/simple_calendar/_month_calendar.html.erb (Duration: 23.7ms | Allocations: 8586)
  Rendered index/index.html.erb within layouts/application (Duration: 26.4ms | Allocations: 8892)
  Rendered layout layouts/application.html.erb (Duration: 38.1ms | Allocations: 11316)
Completed 200 OK in 39ms (Views: 38.6ms | ActiveRecord: 0.0ms | Allocations: 11588)


Started GET "/index?start_date=2022-04-24" for ::1 at 2022-05-21 13:33:56 -0700
  [1m[35m (0.7ms)[0m  [1m[34mSELECT sqlite_version(*)[0m
Processing by IndexController#index as HTML
  Parameters: {"start_date"=>"2022-04-24"}
  Rendering layout layouts/application.html.erb
  Rendering index/index.html.erb within layouts/application
  Rendered /home/tucker/.rbenv/versions/3.1.2/lib/ruby/gems/3.1.0/gems/simple_calendar-2.4.3/app/views/simple_calendar/_month_calendar.html.erb (Duration: 24.0ms | Allocations: 10458)
  Rendered index/index.html.erb within layouts/application (Duration: 26.9ms | Allocations: 11567)
  Rendered layout layouts/application.html.erb (Duration: 189.3ms | Allocations: 55202)
Completed 200 OK in 198ms (Views: 193.0ms | ActiveRecord: 0.0ms | Allocations: 58443)


Started GET "/index?start_date=2022-04-24" for ::1 at 2022-05-21 13:36:38 -0700
  [1m[35m (0.8ms)[0m  [1m[34mSELECT sqlite_version(*)[0m
Processing by IndexController#index as HTML
  Parameters: {"start_date"=>"2022-04-24"}
  Rendering layout layouts/application.html.erb
  Rendering index/index.html.erb within layouts/application
  Rendered simple_calendar/_month_calendar.html.erb (Duration: 8.9ms | Allocations: 10811)
  Rendered index/index.html.erb within layouts/application (Duration: 10.8ms | Allocations: 11841)
  Rendered layout layouts/application.html.erb (Duration: 94.3ms | Allocations: 49091)
Completed 200 OK in 103ms (Views: 97.4ms | ActiveRecord: 0.0ms | Allocations: 52333)


Started GET "/index?start_date=2022-03-27" for ::1 at 2022-05-21 13:38:45 -0700
Processing by IndexController#index as HTML
  Parameters: {"start_date"=>"2022-03-27"}
  Rendering layout layouts/application.html.erb
  Rendering index/index.html.erb within layouts/application
  Rendered simple_calendar/_month_calendar.html.erb (Duration: 5.7ms | Allocations: 8989)
  Rendered index/index.html.erb within layouts/application (Duration: 6.3ms | Allocations: 9344)
  Rendered layout layouts/application.html.erb (Duration: 10.8ms | Allocations: 11927)
Completed 200 OK in 12ms (Views: 11.4ms | ActiveRecord: 0.0ms | Allocations: 12265)


Started GET "/index?start_date=2022-04-04" for ::1 at 2022-05-21 13:38:49 -0700
Processing by IndexController#index as HTML
  Parameters: {"start_date"=>"2022-04-04"}
  Rendering layout layouts/application.html.erb
  Rendering index/index.html.erb within layouts/application
  Rendered simple_calendar/_month_calendar.html.erb (Duration: 5.8ms | Allocations: 8979)
  Rendered index/index.html.erb within layouts/application (Duration: 6.4ms | Allocations: 9288)
  Rendered layout layouts/application.html.erb (Duration: 11.0ms | Allocations: 11717)
Completed 200 OK in 12ms (Views: 11.6ms | ActiveRecord: 0.0ms | Allocations: 11993)


Started GET "/index?start_date=2022-05-02" for ::1 at 2022-05-21 13:38:51 -0700
Processing by IndexController#index as HTML
  Parameters: {"start_date"=>"2022-05-02"}
  Rendering layout layouts/application.html.erb
  Rendering index/index.html.erb within layouts/application
  Rendered simple_calendar/_month_calendar.html.erb (Duration: 7.0ms | Allocations: 11029)
  Rendered index/index.html.erb within layouts/application (Duration: 7.5ms | Allocations: 11345)
  Rendered layout layouts/application.html.erb (Duration: 12.5ms | Allocations: 13780)
Completed 200 OK in 14ms (Views: 13.1ms | ActiveRecord: 0.0ms | Allocations: 14056)


Started GET "/index?start_date=2022-04-24" for ::1 at 2022-05-21 13:38:52 -0700
Processing by IndexController#index as HTML
  Parameters: {"start_date"=>"2022-04-24"}
  Rendering layout layouts/application.html.erb
  Rendering index/index.html.erb within layouts/application
  Rendered simple_calendar/_month_calendar.html.erb (Duration: 5.1ms | Allocations: 8977)
  Rendered index/index.html.erb within layouts/application (Duration: 5.6ms | Allocations: 9286)
  Rendered layout layouts/application.html.erb (Duration: 10.2ms | Allocations: 11743)
Completed 200 OK in 11ms (Views: 10.7ms | ActiveRecord: 0.0ms | Allocations: 12017)


Started GET "/index?start_date=2022-03-27" for ::1 at 2022-05-21 13:38:52 -0700
Processing by IndexController#index as HTML
  Parameters: {"start_date"=>"2022-03-27"}
  Rendering layout layouts/application.html.erb
  Rendering index/index.html.erb within layouts/application
  Rendered simple_calendar/_month_calendar.html.erb (Duration: 5.9ms | Allocations: 8896)
  Rendered index/index.html.erb within layouts/application (Duration: 6.4ms | Allocations: 9205)
  Rendered layout layouts/application.html.erb (Duration: 11.4ms | Allocations: 11643)
Completed 200 OK in 13ms (Views: 12.5ms | ActiveRecord: 0.0ms | Allocations: 11919)


Started GET "/index?start_date=2022-03-27" for ::1 at 2022-05-21 14:11:20 -0700
  [1m[35m (0.6ms)[0m  [1m[34mSELECT sqlite_version(*)[0m
Processing by IndexController#index as HTML
  Parameters: {"start_date"=>"2022-03-27"}
  Rendering layout layouts/application.html.erb
  Rendering index/index.html.erb within layouts/application
  Rendered index/index.html.erb within layouts/application (Duration: 12.7ms | Allocations: 4278)
  Rendered layout layouts/application.html.erb (Duration: 13.2ms | Allocations: 4393)
Completed 500 Internal Server Error in 22ms (ActiveRecord: 0.0ms | Allocations: 7578)


  
ActionView::Template::Error (uninitialized constant SimpleCalendar::LCCalendar

'.freeze;@output_buffer.append=  SimpleCalendar::LCCalendar.new(self, {}).render do |date| @output_buffer.safe_append='
                                               ^^^^^^^^^^^^
Did you mean?  SimpleCalendar::Calendar):
    1: <h1>League Winrate Calendar</h1>
    2: 
    3: <%= SimpleCalendar::LCCalendar.new(self, {}).render do |date| %>
    4:     <%= date %>
    5:     <p>Hello</p>
    6: <% end %>
  
app/views/index/index.html.erb:3
Started GET "/index?start_date=2022-03-27" for ::1 at 2022-05-21 14:15:34 -0700
  [1m[35m (0.6ms)[0m  [1m[34mSELECT sqlite_version(*)[0m
Processing by IndexController#index as HTML
  Parameters: {"start_date"=>"2022-03-27"}
  Rendering layout layouts/application.html.erb
  Rendering index/index.html.erb within layouts/application
  Rendered index/index.html.erb within layouts/application (Duration: 8.4ms | Allocations: 3758)
  Rendered layout layouts/application.html.erb (Duration: 9.6ms | Allocations: 3873)
Completed 500 Internal Server Error in 19ms (ActiveRecord: 0.0ms | Allocations: 7058)


  
ActionView::Template::Error (uninitialized constant SimpleCalendar::LCCalendar

'.freeze;@output_buffer.append=  SimpleCalendar::LCCalendar.new(self, {}).render do |date| @output_buffer.safe_append='
                                               ^^^^^^^^^^^^
Did you mean?  SimpleCalendar::Calendar):
    1: <h1>League Winrate Calendar</h1>
    2: 
    3: <%= SimpleCalendar::LCCalendar.new(self, {}).render do |date| %>
    4:     <%= date %>
    5:     <p>Hello</p>
    6: <% end %>
  
app/views/index/index.html.erb:3
Started GET "/index?start_date=2022-03-27" for ::1 at 2022-05-21 14:15:56 -0700
  [1m[35m (0.6ms)[0m  [1m[34mSELECT sqlite_version(*)[0m
Processing by IndexController#index as HTML
  Parameters: {"start_date"=>"2022-03-27"}
  Rendering layout layouts/application.html.erb
  Rendering index/index.html.erb within layouts/application
  Rendered index/index.html.erb within layouts/application (Duration: 3.9ms | Allocations: 3727)
  Rendered layout layouts/application.html.erb (Duration: 4.9ms | Allocations: 3842)
Completed 500 Internal Server Error in 13ms (ActiveRecord: 0.0ms | Allocations: 7027)


  
ActionView::Template::Error (uninitialized constant SimpleCalendar::LeagueCalendar

'.freeze;@output_buffer.append=  SimpleCalendar::LeagueCalendar.new(self, {}).render do |date| @output_buffer.safe_append='
                                               ^^^^^^^^^^^^^^^^):
    1: <h1>League Winrate Calendar</h1>
    2: 
    3: <%= SimpleCalendar::LeagueCalendar.new(self, {}).render do |date| %>
    4:     <%= date %>
    5:     <p>Hello</p>
    6: <% end %>
  
app/views/index/index.html.erb:3
Started GET "/index?start_date=2022-03-27" for ::1 at 2022-05-21 14:20:35 -0700
  [1m[35m (0.6ms)[0m  [1m[34mSELECT sqlite_version(*)[0m
Processing by IndexController#index as HTML
  Parameters: {"start_date"=>"2022-03-27"}
  Rendering layout layouts/application.html.erb
  Rendering index/index.html.erb within layouts/application
  Rendered index/index.html.erb within layouts/application (Duration: 4.2ms | Allocations: 3727)
  Rendered layout layouts/application.html.erb (Duration: 4.9ms | Allocations: 3842)
Completed 500 Internal Server Error in 15ms (ActiveRecord: 0.0ms | Allocations: 7027)


  
ActionView::Template::Error (uninitialized constant SimpleCalendar::LeagueCalendar

'.freeze;@output_buffer.append=  SimpleCalendar::LeagueCalendar.new(self, {}).render do |date| @output_buffer.safe_append='
                                               ^^^^^^^^^^^^^^^^):
    1: <h1>League Winrate Calendar</h1>
    2: 
    3: <%= SimpleCalendar::LeagueCalendar.new(self, {}).render do |date| %>
    4:     <%= date %>
    5:     <p>Hello</p>
    6: <% end %>
  
app/views/index/index.html.erb:3
Started GET "/index?start_date=2022-03-27" for ::1 at 2022-05-21 14:22:11 -0700
  [1m[35m (0.5ms)[0m  [1m[34mSELECT sqlite_version(*)[0m
Processing by IndexController#index as HTML
  Parameters: {"start_date"=>"2022-03-27"}
  Rendering layout layouts/application.html.erb
  Rendering index/index.html.erb within layouts/application
  Rendered index/index.html.erb within layouts/application (Duration: 3.7ms | Allocations: 3727)
  Rendered layout layouts/application.html.erb (Duration: 4.0ms | Allocations: 3842)
Completed 500 Internal Server Error in 12ms (ActiveRecord: 0.0ms | Allocations: 7027)


  
ActionView::Template::Error (uninitialized constant SimpleCalendar::LeagueCalendar

'.freeze;@output_buffer.append=  SimpleCalendar::LeagueCalendar.new(self, {}).render do |date| @output_buffer.safe_append='
                                               ^^^^^^^^^^^^^^^^):
    1: <h1>League Winrate Calendar</h1>
    2: 
    3: <%= SimpleCalendar::LeagueCalendar.new(self, {}).render do |date| %>
    4:     <%= date %>
    5:     <p>Hello</p>
    6: <% end %>
  
app/views/index/index.html.erb:3
Started GET "/index?start_date=2022-03-27" for ::1 at 2022-05-21 14:22:45 -0700
  [1m[35m (0.6ms)[0m  [1m[34mSELECT sqlite_version(*)[0m
Processing by IndexController#index as HTML
  Parameters: {"start_date"=>"2022-03-27"}
  Rendering layout layouts/application.html.erb
  Rendering index/index.html.erb within layouts/application
  Rendered index/index.html.erb within layouts/application (Duration: 4.6ms | Allocations: 3755)
  Rendered layout layouts/application.html.erb (Duration: 5.6ms | Allocations: 3870)
Completed 500 Internal Server Error in 14ms (ActiveRecord: 0.0ms | Allocations: 7055)


  
ActionView::Template::Error (uninitialized constant SimpleCalendar::LeagueCalendr

'.freeze;@output_buffer.append=  SimpleCalendar::LeagueCalendr.new(self, {}).render do |date| @output_buffer.safe_append='
                                               ^^^^^^^^^^^^^^^
Did you mean?  LeagueCalendar):
    1: <h1>League Winrate Calendar</h1>
    2: 
    3: <%= SimpleCalendar::LeagueCalendr.new(self, {}).render do |date| %>
    4:     <%= date %>
    5:     <p>Hello</p>
    6: <% end %>
  
app/views/index/index.html.erb:3
Started POST "/__web_console/repl_sessions/e774c91689f9cd9be0286d9838bd040f/trace" for ::1 at 2022-05-21 14:27:29 -0700
Started GET "/index?start_date=2022-03-27" for ::1 at 2022-05-21 14:29:01 -0700
  [1m[35m (0.7ms)[0m  [1m[34mSELECT sqlite_version(*)[0m
Processing by IndexController#index as HTML
  Parameters: {"start_date"=>"2022-03-27"}
  Rendering layout layouts/application.html.erb
  Rendering index/index.html.erb within layouts/application
  Rendered index/index.html.erb within layouts/application (Duration: 4.1ms | Allocations: 3755)
  Rendered layout layouts/application.html.erb (Duration: 4.7ms | Allocations: 3870)
Completed 500 Internal Server Error in 13ms (ActiveRecord: 0.0ms | Allocations: 7055)


  
ActionView::Template::Error (uninitialized constant SimpleCalendar::LeagueCalendr

'.freeze;@output_buffer.append=  SimpleCalendar::LeagueCalendr.new(self, {}).render do |date| @output_buffer.safe_append='
                                               ^^^^^^^^^^^^^^^
Did you mean?  LeagueCalendar):
    1: <h1>League Winrate Calendar</h1>
    2: 
    3: <%= SimpleCalendar::LeagueCalendr.new(self, {}).render do |date| %>
    4:     <%= date %>
    5:     <p>Hello</p>
    6: <% end %>
  
app/views/index/index.html.erb:3
Started GET "/index?start_date=2022-03-27" for ::1 at 2022-05-21 14:29:13 -0700
  [1m[35m (0.5ms)[0m  [1m[34mSELECT sqlite_version(*)[0m
Processing by IndexController#index as HTML
  Parameters: {"start_date"=>"2022-03-27"}
  Rendering layout layouts/application.html.erb
  Rendering index/index.html.erb within layouts/application
  Rendered index/index.html.erb within layouts/application (Duration: 4.4ms | Allocations: 3757)
  Rendered layout layouts/application.html.erb (Duration: 5.0ms | Allocations: 3872)
Completed 500 Internal Server Error in 14ms (ActiveRecord: 0.0ms | Allocations: 7057)


  
ActionView::Template::Error (uninitialized constant SimpleCalendar::LeagueCalender

'.freeze;@output_buffer.append=  SimpleCalendar::LeagueCalender.new(self, {}).render do |date| @output_buffer.safe_append='
                                               ^^^^^^^^^^^^^^^^
Did you mean?  LeagueCalendar):
    1: <h1>League Winrate Calendar</h1>
    2: 
    3: <%= SimpleCalendar::LeagueCalender.new(self, {}).render do |date| %>
    4:     <%= date %>
    5:     <p>Hello</p>
    6: <% end %>
  
app/views/index/index.html.erb:3
Started GET "/index?start_date=2022-03-27" for ::1 at 2022-05-21 14:29:16 -0700
Processing by IndexController#index as HTML
  Parameters: {"start_date"=>"2022-03-27"}
  Rendering layout layouts/application.html.erb
  Rendering index/index.html.erb within layouts/application
  Rendered index/index.html.erb within layouts/application (Duration: 2.6ms | Allocations: 2982)
  Rendered layout layouts/application.html.erb (Duration: 3.2ms | Allocations: 3071)
Completed 500 Internal Server Error in 6ms (ActiveRecord: 0.0ms | Allocations: 3358)


  
ActionView::Template::Error (uninitialized constant SimpleCalendar::LeagueCalender

'.freeze;@output_buffer.append=  SimpleCalendar::LeagueCalender.new(self, {}).render do |date| @output_buffer.safe_append='
                                               ^^^^^^^^^^^^^^^^
Did you mean?  LeagueCalendar):
    1: <h1>League Winrate Calendar</h1>
    2: 
    3: <%= SimpleCalendar::LeagueCalender.new(self, {}).render do |date| %>
    4:     <%= date %>
    5:     <p>Hello</p>
    6: <% end %>
  
app/views/index/index.html.erb:3
Started GET "/index?start_date=2022-03-27" for ::1 at 2022-05-21 14:29:28 -0700
  [1m[35m (0.7ms)[0m  [1m[34mSELECT sqlite_version(*)[0m
Processing by IndexController#index as HTML
  Parameters: {"start_date"=>"2022-03-27"}
  Rendering layout layouts/application.html.erb
  Rendering index/index.html.erb within layouts/application
  Rendered index/index.html.erb within layouts/application (Duration: 4.3ms | Allocations: 3727)
  Rendered layout layouts/application.html.erb (Duration: 4.8ms | Allocations: 3842)
Completed 500 Internal Server Error in 13ms (ActiveRecord: 0.0ms | Allocations: 7027)


  
ActionView::Template::Error (uninitialized constant SimpleCalendar::LeagueCalendar

'.freeze;@output_buffer.append=  SimpleCalendar::LeagueCalendar.new(self, {}).render do |date| @output_buffer.safe_append='
                                               ^^^^^^^^^^^^^^^^):
    1: <h1>League Winrate Calendar</h1>
    2: 
    3: <%= SimpleCalendar::LeagueCalendar.new(self, {}).render do |date| %>
    4:     <%= date %>
    5:     <p>Hello</p>
    6: <% end %>
  
app/views/index/index.html.erb:3
Started POST "/__web_console/repl_sessions/73d3deaf132ea55a21befa1abcd530f4/trace" for ::1 at 2022-05-21 14:34:37 -0700
Started POST "/__web_console/repl_sessions/73d3deaf132ea55a21befa1abcd530f4/trace" for ::1 at 2022-05-21 14:34:37 -0700
Started POST "/__web_console/repl_sessions/73d3deaf132ea55a21befa1abcd530f4/trace" for ::1 at 2022-05-21 14:34:37 -0700
Started POST "/__web_console/repl_sessions/73d3deaf132ea55a21befa1abcd530f4/trace" for ::1 at 2022-05-21 14:34:37 -0700
Started POST "/__web_console/repl_sessions/73d3deaf132ea55a21befa1abcd530f4/trace" for ::1 at 2022-05-21 14:34:37 -0700
Started POST "/__web_console/repl_sessions/73d3deaf132ea55a21befa1abcd530f4/trace" for ::1 at 2022-05-21 14:34:37 -0700
Started POST "/__web_console/repl_sessions/73d3deaf132ea55a21befa1abcd530f4/trace" for ::1 at 2022-05-21 14:34:37 -0700
Started POST "/__web_console/repl_sessions/73d3deaf132ea55a21befa1abcd530f4/trace" for ::1 at 2022-05-21 14:34:37 -0700
Started POST "/__web_console/repl_sessions/73d3deaf132ea55a21befa1abcd530f4/trace" for ::1 at 2022-05-21 14:34:37 -0700
Started POST "/__web_console/repl_sessions/73d3deaf132ea55a21befa1abcd530f4/trace" for ::1 at 2022-05-21 14:34:37 -0700
Started POST "/__web_console/repl_sessions/73d3deaf132ea55a21befa1abcd530f4/trace" for ::1 at 2022-05-21 14:34:37 -0700
Started POST "/__web_console/repl_sessions/73d3deaf132ea55a21befa1abcd530f4/trace" for ::1 at 2022-05-21 14:34:37 -0700
Started POST "/__web_console/repl_sessions/73d3deaf132ea55a21befa1abcd530f4/trace" for ::1 at 2022-05-21 14:34:37 -0700
Started POST "/__web_console/repl_sessions/73d3deaf132ea55a21befa1abcd530f4/trace" for ::1 at 2022-05-21 14:34:37 -0700
Started POST "/__web_console/repl_sessions/73d3deaf132ea55a21befa1abcd530f4/trace" for ::1 at 2022-05-21 14:34:37 -0700
Started POST "/__web_console/repl_sessions/73d3deaf132ea55a21befa1abcd530f4/trace" for ::1 at 2022-05-21 14:34:37 -0700
Started POST "/__web_console/repl_sessions/73d3deaf132ea55a21befa1abcd530f4/trace" for ::1 at 2022-05-21 14:34:37 -0700
Started POST "/__web_console/repl_sessions/73d3deaf132ea55a21befa1abcd530f4/trace" for ::1 at 2022-05-21 14:34:37 -0700
Started POST "/__web_console/repl_sessions/73d3deaf132ea55a21befa1abcd530f4/trace" for ::1 at 2022-05-21 14:34:37 -0700
Started POST "/__web_console/repl_sessions/73d3deaf132ea55a21befa1abcd530f4/trace" for ::1 at 2022-05-21 14:34:37 -0700
Started GET "/index?start_date=2022-03-27" for ::1 at 2022-05-21 14:34:48 -0700
  [1m[35m (0.6ms)[0m  [1m[34mSELECT sqlite_version(*)[0m
Processing by IndexController#index as HTML
  Parameters: {"start_date"=>"2022-03-27"}
  Rendering layout layouts/application.html.erb
  Rendering index/index.html.erb within layouts/application
  Rendered index/index.html.erb within layouts/application (Duration: 3.6ms | Allocations: 3727)
  Rendered layout layouts/application.html.erb (Duration: 4.4ms | Allocations: 3842)
Completed 500 Internal Server Error in 13ms (ActiveRecord: 0.0ms | Allocations: 7027)


  
ActionView::Template::Error (uninitialized constant SimpleCalendar::LeagueCalendar

'.freeze;@output_buffer.append=  SimpleCalendar::LeagueCalendar.new(self, {}).render do |date| @output_buffer.safe_append='
                                               ^^^^^^^^^^^^^^^^):
    1: <h1>League Winrate Calendar</h1>
    2: 
    3: <%= SimpleCalendar::LeagueCalendar.new(self, {}).render do |date| %>
    4:     <%= date %>
    5:     <p>Hello</p>
    6: <% end %>
  
app/views/index/index.html.erb:3
Started GET "/index?start_date=2022-03-27" for ::1 at 2022-05-21 14:34:50 -0700
Processing by IndexController#index as HTML
  Parameters: {"start_date"=>"2022-03-27"}
  Rendering layout layouts/application.html.erb
  Rendering index/index.html.erb within layouts/application
  Rendered index/index.html.erb within layouts/application (Duration: 2.6ms | Allocations: 2961)
  Rendered layout layouts/application.html.erb (Duration: 3.8ms | Allocations: 3050)
Completed 500 Internal Server Error in 5ms (ActiveRecord: 0.0ms | Allocations: 3337)


  
ActionView::Template::Error (uninitialized constant SimpleCalendar::LeagueCalendar

'.freeze;@output_buffer.append=  SimpleCalendar::LeagueCalendar.new(self, {}).render do |date| @output_buffer.safe_append='
                                               ^^^^^^^^^^^^^^^^):
    1: <h1>League Winrate Calendar</h1>
    2: 
    3: <%= SimpleCalendar::LeagueCalendar.new(self, {}).render do |date| %>
    4:     <%= date %>
    5:     <p>Hello</p>
    6: <% end %>
  
app/views/index/index.html.erb:3
Started GET "/index?start_date=2022-03-27" for ::1 at 2022-05-21 14:37:32 -0700
  [1m[35m (0.6ms)[0m  [1m[34mSELECT sqlite_version(*)[0m
Processing by IndexController#index as HTML
  Parameters: {"start_date"=>"2022-03-27"}
  Rendering layout layouts/application.html.erb
  Rendering index/index.html.erb within layouts/application
  Rendered index/index.html.erb within layouts/application (Duration: 3.8ms | Allocations: 3727)
  Rendered layout layouts/application.html.erb (Duration: 4.5ms | Allocations: 3842)
Completed 500 Internal Server Error in 13ms (ActiveRecord: 0.0ms | Allocations: 7027)


  
ActionView::Template::Error (uninitialized constant SimpleCalendar::LeagueCalendar

'.freeze;@output_buffer.append=  SimpleCalendar::LeagueCalendar.new(self, {}).render do |date| @output_buffer.safe_append='
                                               ^^^^^^^^^^^^^^^^):
    1: <h1>League Winrate Calendar</h1>
    2: 
    3: <%= SimpleCalendar::LeagueCalendar.new(self, {}).render do |date| %>
    4:     <%= date %>
    5:     <p>Hello</p>
    6: <% end %>
  
app/views/index/index.html.erb:3
Started GET "/index?start_date=2022-03-27" for ::1 at 2022-05-21 14:40:26 -0700
  [1m[35m (0.6ms)[0m  [1m[34mSELECT sqlite_version(*)[0m
Processing by IndexController#index as HTML
  Parameters: {"start_date"=>"2022-03-27"}
  Rendering layout layouts/application.html.erb
  Rendering index/index.html.erb within layouts/application
  Rendered index/index.html.erb within layouts/application (Duration: 3.9ms | Allocations: 3753)
  Rendered layout layouts/application.html.erb (Duration: 4.7ms | Allocations: 3868)
Completed 500 Internal Server Error in 13ms (ActiveRecord: 0.0ms | Allocations: 7053)


  
ActionView::Template::Error (uninitialized constant SimpleCalendar::LeagueWLCalendar

'.freeze;@output_buffer.append=  SimpleCalendar::LeagueWLCalendar.new(self, {}).render do |date| @output_buffer.safe_append='
                                               ^^^^^^^^^^^^^^^^^^
Did you mean?  LeagueCalendar):
    1: <h1>League Winrate Calendar</h1>
    2: 
    3: <%= SimpleCalendar::LeagueWLCalendar.new(self, {}).render do |date| %>
    4:     <%= date %>
    5:     <p>Hello</p>
    6: <% end %>
  
app/views/index/index.html.erb:3
Started GET "/index?start_date=2022-03-27" for ::1 at 2022-05-21 14:40:53 -0700
  [1m[35m (0.6ms)[0m  [1m[34mSELECT sqlite_version(*)[0m
Processing by IndexController#index as HTML
  Parameters: {"start_date"=>"2022-03-27"}
  Rendering layout layouts/application.html.erb
  Rendering index/index.html.erb within layouts/application
  Rendered index/index.html.erb within layouts/application (Duration: 4.2ms | Allocations: 3753)
  Rendered layout layouts/application.html.erb (Duration: 4.8ms | Allocations: 3868)
Completed 500 Internal Server Error in 14ms (ActiveRecord: 0.0ms | Allocations: 7053)


  
ActionView::Template::Error (uninitialized constant SimpleCalendar::LeagueWLCalendar

'.freeze;@output_buffer.append=  SimpleCalendar::LeagueWLCalendar.new(self, {}).render do |date| @output_buffer.safe_append='
                                               ^^^^^^^^^^^^^^^^^^
Did you mean?  LeagueCalendar):
    1: <h1>League Winrate Calendar</h1>
    2: 
    3: <%= SimpleCalendar::LeagueWLCalendar.new(self, {}).render do |date| %>
    4:     <%= date %>
    5:     <p>Hello</p>
    6: <% end %>
  
app/views/index/index.html.erb:3
